0 info it worked if it ends with ok
1 verbose cli [ 'C:\\Users\\Administrator\\node\\nodejs\\node.exe',
1 verbose cli   'C:\\Users\\Administrator\\node\\nodejs\\node_modules\\npm\\bin\\npm-cli.js',
1 verbose cli   'i',
1 verbose cli   'amazeUi' ]
2 info using npm@3.10.10
3 info using node@v6.9.5
4 silly loadCurrentTree Starting
5 silly install loadCurrentTree
6 silly install readLocalPackageData
7 silly fetchPackageMetaData amazeUi
8 silly fetchNamedPackageData amazeUi
9 silly mapToRegistry name amazeUi
10 silly mapToRegistry using default registry
11 silly mapToRegistry registry http://r.cnpmjs.org/
12 silly mapToRegistry data Result {
12 silly mapToRegistry   raw: 'amazeUi',
12 silly mapToRegistry   scope: null,
12 silly mapToRegistry   escapedName: 'amazeUi',
12 silly mapToRegistry   name: 'amazeUi',
12 silly mapToRegistry   rawSpec: '',
12 silly mapToRegistry   spec: 'latest',
12 silly mapToRegistry   type: 'tag' }
13 silly mapToRegistry uri http://r.cnpmjs.org/amazeUi
14 verbose request uri http://r.cnpmjs.org/amazeUi
15 verbose request no auth needed
16 info attempt registry request try #1 at 13:49:16
17 verbose request id 85efa2847fac46d2
18 http request GET http://r.cnpmjs.org/amazeUi
19 http 404 http://r.cnpmjs.org/amazeUi
20 verbose headers { server: 'nginx/1.4.6 (Ubuntu)',
20 verbose headers   date: 'Thu, 24 Aug 2017 05:48:38 GMT',
20 verbose headers   'content-type': 'application/json; charset=utf-8',
20 verbose headers   'transfer-encoding': 'chunked',
20 verbose headers   connection: 'keep-alive',
20 verbose headers   'x-current-requests': '1',
20 verbose headers   'x-readtime': '6',
20 verbose headers   'content-encoding': 'gzip' }
21 silly get cb [ 404,
21 silly get   { server: 'nginx/1.4.6 (Ubuntu)',
21 silly get     date: 'Thu, 24 Aug 2017 05:48:38 GMT',
21 silly get     'content-type': 'application/json; charset=utf-8',
21 silly get     'transfer-encoding': 'chunked',
21 silly get     connection: 'keep-alive',
21 silly get     'x-current-requests': '1',
21 silly get     'x-readtime': '6',
21 silly get     'content-encoding': 'gzip' } ]
22 silly fetchPackageMetaData Error: 404 Not Found: amazeUi
22 silly fetchPackageMetaData     at makeError (C:\Users\Administrator\node\nvm\v6.9.5\node_modules\npm\node_modules\npm-registry-client\lib\request.js:302:12)
22 silly fetchPackageMetaData     at CachingRegistryClient.<anonymous> (C:\Users\Administrator\node\nvm\v6.9.5\node_modules\npm\node_modules\npm-registry-client\lib\request.js:288:14)
22 silly fetchPackageMetaData     at C:\Users\Administrator\node\nvm\v6.9.5\node_modules\npm\node_modules\npm-registry-client\lib\request.js:216:7
22 silly fetchPackageMetaData     at Gunzip.onEnd (zlib.js:227:5)
22 silly fetchPackageMetaData     at emitNone (events.js:91:20)
22 silly fetchPackageMetaData     at Gunzip.emit (events.js:185:7)
22 silly fetchPackageMetaData     at endReadableNT (_stream_readable.js:974:12)
22 silly fetchPackageMetaData     at _combinedTickCallback (internal/process/next_tick.js:74:11)
22 silly fetchPackageMetaData     at process._tickCallback (internal/process/next_tick.js:98:9)
22 silly fetchPackageMetaData  error for amazeUi { Error: 404 Not Found: amazeUi
22 silly fetchPackageMetaData     at makeError (C:\Users\Administrator\node\nvm\v6.9.5\node_modules\npm\node_modules\npm-registry-client\lib\request.js:302:12)
22 silly fetchPackageMetaData     at CachingRegistryClient.<anonymous> (C:\Users\Administrator\node\nvm\v6.9.5\node_modules\npm\node_modules\npm-registry-client\lib\request.js:288:14)
22 silly fetchPackageMetaData     at C:\Users\Administrator\node\nvm\v6.9.5\node_modules\npm\node_modules\npm-registry-client\lib\request.js:216:7
22 silly fetchPackageMetaData     at Gunzip.onEnd (zlib.js:227:5)
22 silly fetchPackageMetaData     at emitNone (events.js:91:20)
22 silly fetchPackageMetaData     at Gunzip.emit (events.js:185:7)
22 silly fetchPackageMetaData     at endReadableNT (_stream_readable.js:974:12)
22 silly fetchPackageMetaData     at _combinedTickCallback (internal/process/next_tick.js:74:11)
22 silly fetchPackageMetaData     at process._tickCallback (internal/process/next_tick.js:98:9) pkgid: 'amazeUi', statusCode: 404, code: 'E404' }
23 silly rollbackFailedOptional Starting
24 silly rollbackFailedOptional Finishing
25 silly runTopLevelLifecycles Finishing
26 silly install printInstalled
27 verbose stack Error: 404 Not Found: amazeUi
27 verbose stack     at makeError (C:\Users\Administrator\node\nvm\v6.9.5\node_modules\npm\node_modules\npm-registry-client\lib\request.js:302:12)
27 verbose stack     at CachingRegistryClient.<anonymous> (C:\Users\Administrator\node\nvm\v6.9.5\node_modules\npm\node_modules\npm-registry-client\lib\request.js:288:14)
27 verbose stack     at C:\Users\Administrator\node\nvm\v6.9.5\node_modules\npm\node_modules\npm-registry-client\lib\request.js:216:7
27 verbose stack     at Gunzip.onEnd (zlib.js:227:5)
27 verbose stack     at emitNone (events.js:91:20)
27 verbose stack     at Gunzip.emit (events.js:185:7)
27 verbose stack     at endReadableNT (_stream_readable.js:974:12)
27 verbose stack     at _combinedTickCallback (internal/process/next_tick.js:74:11)
27 verbose stack     at process._tickCallback (internal/process/next_tick.js:98:9)
28 verbose statusCode 404
29 verbose pkgid amazeUi
30 verbose cwd D:\demo\mywebsite\cathy-zou.github.io\views\angular_1
31 error Windows_NT 6.1.7601
32 error argv "C:\\Users\\Administrator\\node\\nodejs\\node.exe" "C:\\Users\\Administrator\\node\\nodejs\\node_modules\\npm\\bin\\npm-cli.js" "i" "amazeUi"
33 error node v6.9.5
34 error npm  v3.10.10
35 error code E404
36 error 404 Not Found: amazeUi
37 error 404
38 error 404 'amazeUi' is not in the npm registry.
39 error 404 Your package name is not valid, because
40 error 404 1. name can no longer contain capital letters
41 error 404 Note that you can also install from a
42 error 404 tarball, folder, http url, or git url.
43 verbose exit [ 1, true ]
